{
  "RSpec": {
    "coverage": {
      "/Users/matt/code/ruby/medicine_tracker/app/models/drug.rb": [
        1,
        null,
        1,
        1,
        null,
        1,
        null,
        1,
        null,
        1,
        11,
        null,
        null,
        null
      ],
      "/Users/matt/code/ruby/medicine_tracker/app/models/package.rb": [
        1,
        null,
        1,
        null,
        1,
        null,
        1,
        6,
        null,
        null,
        null
      ],
      "/Users/matt/code/ruby/medicine_tracker/app/controllers/drugs_controller.rb": [
        1,
        1,
        null,
        1,
        1,
        null,
        1,
        null,
        1,
        1,
        1,
        null,
        null,
        1,
        1,
        null,
        null,
        1,
        3,
        3,
        3,
        null,
        null,
        1,
        3,
        3,
        null,
        null,
        1,
        1,
        1,
        null,
        null,
        1,
        1,
        11,
        null,
        null,
        1,
        6,
        null,
        null,
        1,
        6,
        null,
        null
      ],
      "/Users/matt/code/ruby/medicine_tracker/app/controllers/application_controller.rb": [
        1,
        null,
        1,
        1,
        null,
        1,
        null,
        1,
        null,
        1,
        null,
        1,
        41,
        38,
        null,
        3,
        null,
        null,
        null,
        1,
        38,
        null,
        null,
        1,
        4,
        null,
        null,
        1,
        3,
        null,
        null,
        null
      ],
      "/Users/matt/code/ruby/medicine_tracker/app/controllers/concerns/transformations.rb": [
        1,
        1,
        null,
        1,
        1,
        null,
        1,
        null,
        10,
        4,
        null,
        10,
        10,
        null,
        null,
        1,
        10,
        2,
        null,
        10,
        10,
        null,
        null,
        null
      ],
      "/Users/matt/code/ruby/medicine_tracker/app/controllers/expiration_dates_controller.rb": [
        1,
        1,
        1,
        1,
        null,
        1,
        null,
        1,
        1,
        1,
        null,
        null,
        1,
        1,
        null,
        null,
        1,
        3,
        3,
        3,
        null,
        null,
        1,
        3,
        3,
        null,
        null,
        1,
        1,
        1,
        null,
        null,
        1,
        1,
        11,
        null,
        null,
        1,
        11,
        null,
        null,
        1,
        6,
        null,
        null,
        1,
        6,
        null,
        null
      ],
      "/Users/matt/code/ruby/medicine_tracker/app/controllers/packages_controller.rb": [
        1,
        1,
        null,
        1,
        null,
        1,
        null,
        1,
        2,
        2,
        null,
        null,
        1,
        1,
        null,
        null,
        1,
        5,
        5,
        5,
        null,
        null,
        1,
        5,
        5,
        null,
        null,
        1,
        1,
        1,
        null,
        null,
        1,
        1,
        8,
        null,
        null,
        1,
        null,
        10,
        null,
        null
      ],
      "/Users/matt/code/ruby/medicine_tracker/app/controllers/sessions_controller.rb": [
        1,
        null,
        1,
        1,
        null,
        1,
        1,
        null,
        1,
        2,
        2,
        1,
        1,
        null,
        1,
        null,
        null,
        null,
        1,
        1,
        1,
        null,
        null,
        1,
        null,
        1,
        2,
        2,
        null,
        null,
        null
      ],
      "/Users/matt/code/ruby/medicine_tracker/app/controllers/users_controller.rb": [
        1,
        null,
        1,
        1,
        null,
        1,
        1,
        null,
        null,
        1,
        3,
        3,
        3,
        null,
        null,
        1,
        null,
        1,
        3,
        null,
        null,
        null
      ],
      "/Users/matt/code/ruby/medicine_tracker/app/models/expiration_date.rb": [
        1,
        null,
        1,
        null,
        1,
        null,
        null
      ],
      "/Users/matt/code/ruby/medicine_tracker/app/models/user.rb": [
        1,
        1,
        null,
        1,
        1,
        null,
        null,
        61,
        61,
        61,
        null,
        1,
        null,
        1,
        null,
        1,
        5,
        5,
        2,
        null,
        null,
        null,
        1,
        52,
        52,
        52,
        null,
        null,
        null,
        1,
        60,
        5,
        null,
        null,
        null
      ]
    },
    "timestamp": 1413665190
  }
}
